<?xml version="1.0" encoding="UTF-8"?>
<testsuite xmlns:xsi="http://www.w3.org/2001/XMLSchema-instance" xsi:noNamespaceSchemaLocation="https://maven.apache.org/surefire/maven-surefire-plugin/xsd/surefire-test-report-3.0.xsd" version="3.0" name="org.frontendbackendintegration.FrontendBackendIntegrationTest" time="0.504" tests="1" errors="1" skipped="0" failures="0">
  <properties>
[...]
</properties>
  <testcase name="testFrontendBackendIntegration" classname="org.frontendbackendintegration.FrontendBackendIntegrationTest" time="0.465">
    <error message="Connect to localhost:30997 [localhost/127.0.0.1, localhost/0:0:0:0:0:0:0:1] failed: Connection refused: connect" type="org.apache.http.conn.HttpHostConnectException"><![CDATA[org.apache.http.conn.HttpHostConnectException: Connect to localhost:30997 [localhost/127.0.0.1, localhost/0:0:0:0:0:0:0:1] failed: Connection refused: connect
	at org.frontendbackendintegration.FrontendBackendIntegrationTest.testFrontendBackendIntegration(FrontendBackendIntegrationTest.java:19)
Caused by: java.net.ConnectException: Connection refused: connect
	at org.frontendbackendintegration.FrontendBackendIntegrationTest.testFrontendBackendIntegration(FrontendBackendIntegrationTest.java:19)
]]></error>
  </testcase>
</testsuite>